[[INFO] - (18497 - 13:35:49) <+0700> 
Updated successful: 1.10.743
[INFO] - (18497 - 13:38:06) <+0700> 
Updated successful: 1.10.755
[WARN] - (18497 - 14:35:44) <+0700> 
undefined "1": Duplicates found.
undefined "234": Duplicates found.
[WARN] - (18497 - 14:39:14) <+0700> 
item "1": Duplicates found.
item "234": Duplicates found.
[WARN] - (18497 - 14:39:30) <+0700> 
Item "1": Duplicates found.
Item "234": Duplicates found.
Item "2": Duplicates found.
[WARN] - (18497 - 14:56:02) <+0700> 
Command "uptime" has either no or invalid functions
[WARN] - (18497 - 14:56:02) <+0700> 
"executables\another_test": This folder is empty!
[WARN] - (18497 - 14:56:02) <+0700> 
"executables\Sayuri": This folder is empty!
[WARN] - (18497 - 14:56:02) <+0700> 
File"executables\test\a.js": The command has either no name or invalid name type.
File "executables\test\a.js" has either no or invalid functions and name.
Command "another one" has either no or invalid functions
[WARN] - (18497 - 15:05:35) <+0700> 
Command "uptime" has either no or invalid functions
[WARN] - (18497 - 15:05:35) <+0700> 
"executables\another_test": This folder is empty!
[WARN] - (18497 - 15:05:35) <+0700> 
"executables\Sayuri": This folder is empty!
[WARN] - (18497 - 15:05:35) <+0700> 
File"executables\test\a.js": The command has either no name or invalid name type.
File "executables\test\a.js" has either no or invalid functions and name.
Command "another one" has either no or invalid functions
[WARN] - (18497 - 15:10:49) <+0700> 
Command "uptime" has either no or invalid functions
[WARN] - (18497 - 15:10:49) <+0700> 
"executables\another_test": This folder is empty!
[WARN] - (18497 - 15:10:49) <+0700> 
"executables\Sayuri": This folder is empty!
[WARN] - (18497 - 15:10:49) <+0700> 
File"executables\test\a.js": The command has either no name or invalid name type.
File "executables\test\a.js" has either no or invalid functions and name.
Command "another one" has either no or invalid functions
[WARN] - (18497 - 15:19:48) <+0700> 
Command "uptime" has either no or invalid functions
[WARN] - (18497 - 15:19:49) <+0700> 
"executables\another_test": This folder is empty!
[WARN] - (18497 - 15:19:49) <+0700> 
"executables\Sayuri": This folder is empty!
[WARN] - (18497 - 15:19:49) <+0700> 
File"executables\test\a.js": The command has either no name or invalid name type.
File "executables\test\a.js" has either no or invalid functions and name.
Command "another one" has either no or invalid functions
[WARN] - (18497 - 15:22:13) <+0700> 
Command "uptime" has either no or invalid functions
[WARN] - (18497 - 15:23:18) <+0700> 
"executables\another_test": This folder is empty!
[WARN] - (18497 - 15:23:18) <+0700> 
"executables\Sayuri": This folder is empty!
[WARN] - (18497 - 15:23:58) <+0700> 
File"executables\test\a.js": The command has either no name or invalid name type.
File "executables\test\a.js" has either no or invalid functions and name.
Command "another one" has either no or invalid functions
[ERROR] - (18497 - 18:11:47) <+0700> 
hi
[ERROR] - (18497 - 18:11:47) <+0700> 
hi
[ERROR] - (18497 - 18:11:47) <+0700> 
hi
[ERROR] - (18497 - 18:11:47) <+0700> 
hi
[ERROR] - (18497 - 18:11:47) <+0700> 
hi
[ERROR] - (18497 - 18:13:47) <+0700> 
hi
[ERROR] - (18497 - 18:13:47) <+0700> 
hi
[ERROR] - (18497 - 18:13:47) <+0700> 
hi
[ERROR] - (18497 - 18:13:47) <+0700> 
hi
[ERROR] - (18497 - 18:13:47) <+0700> 
hi
[ERROR] - (18497 - 18:16:41) <+0700> 
hi
[ERROR] - (18497 - 18:16:41) <+0700> 
hi
[ERROR] - (18497 - 18:16:41) <+0700> 
hi
[ERROR] - (18497 - 18:16:41) <+0700> 
hi
[ERROR] - (18497 - 18:16:41) <+0700> 
hi
[ERROR] - (18497 - 18:17:06) <+0700> 
hi
[ERROR] - (18497 - 18:17:06) <+0700> 
hi
[ERROR] - (18497 - 18:17:06) <+0700> 
hi
[ERROR] - (18497 - 18:17:06) <+0700> 
hi
[ERROR] - (18497 - 18:17:06) <+0700> 
hi
